
/home/runner/work/exp-disc-type-flywheel-nitk/exp-disc-type-flywheel-nitk/experiment/simulation/js/MOMscript.js
   22:10  warning  'point' is defined but never used            no-unused-vars
   30:10  warning  'pointtrans' is defined but never used       no-unused-vars
   38:10  warning  'pointdisp' is defined but never used        no-unused-vars
   88:10  warning  'pointdist' is defined but never used        no-unused-vars
   94:10  warning  'pointjoin' is defined but never used        no-unused-vars
  109:10  warning  'pointtrace' is defined but never used       no-unused-vars
  127:10  warning  'deg' is defined but never used              no-unused-vars
  137:10  warning  'drawrect' is defined but never used         no-unused-vars
  157:10  warning  'drawArrow' is defined but never used        no-unused-vars
  173:10  warning  'signof' is defined but never used           no-unused-vars
  178:10  warning  'storeCoordinate' is defined but never used  no-unused-vars
  185:10  warning  'roundd' is defined but never used           no-unused-vars
  191:10  warning  'plotgraph' is defined but never used        no-unused-vars
  201:1   warning  'i' is not defined                           no-undef
  203:7   warning  'i' is not defined                           no-undef
  205:20  warning  'i' is not defined                           no-undef
  205:27  warning  'i' is not defined                           no-undef
  206:2   warning  'i' is not defined                           no-undef
  207:6   warning  'i' is not defined                           no-undef
  210:3   warning  'i' is not defined                           no-undef
  210:5   warning  'i' is not defined                           no-undef

/home/runner/work/exp-disc-type-flywheel-nitk/exp-disc-type-flywheel-nitk/experiment/simulation/js/dpi.js
  39:5  error  Parsing error: Identifier 'canvas' has already been declared

/home/runner/work/exp-disc-type-flywheel-nitk/exp-disc-type-flywheel-nitk/experiment/simulation/js/jquery-ui.js
      9:39  warning  'define' is not defined                                      no-undef
     11:5   warning  'define' is not defined                                      no-undef
     14:13  warning  'jQuery' is not defined                                      no-undef
     21:7   warning  'version' is assigned a value but never used                 no-unused-vars
    797:7   warning  'widget' is assigned a value but never used                  no-unused-vars
    822:19  warning  Unnecessary escape character: \+                             no-useless-escape
    822:21  warning  Unnecessary escape character: \-                             no-useless-escape
   1365:7   warning  'position' is assigned a value but never used                no-unused-vars
   1381:7   warning  'data' is assigned a value but never used                    no-unused-vars
   1410:7   warning  'disableSelection' is assigned a value but never used        no-unused-vars
   1452:23  warning  Unnecessary escape character: \-                             no-useless-escape
   1462:39  warning  Unnecessary escape character: \%                             no-useless-escape
   1462:63  warning  Unnecessary escape character: \%                             no-useless-escape
   1462:87  warning  Unnecessary escape character: \%                             no-useless-escape
   1499:61  warning  Unnecessary escape character: \%                             no-useless-escape
   1499:85  warning  Unnecessary escape character: \%                             no-useless-escape
   2078:29  warning  Empty block statement                                        no-empty
   3120:63  warning  Empty block statement                                        no-empty
   3156:7   warning  'effectsEffectBlind' is assigned a value but never used      no-unused-vars
   3217:7   warning  'effectsEffectBounce' is assigned a value but never used     no-unused-vars
   3309:7   warning  'effectsEffectClip' is assigned a value but never used       no-unused-vars
   3360:7   warning  'effectsEffectDrop' is assigned a value but never used       no-unused-vars
   3418:7   warning  'effectsEffectExplode' is assigned a value but never used    no-unused-vars
   3523:7   warning  'effectsEffectFade' is assigned a value but never used       no-unused-vars
   3560:7   warning  'effectsEffectFold' is assigned a value but never used       no-unused-vars
   3639:7   warning  'effectsEffectHighlight' is assigned a value but never used  no-unused-vars
   3683:7   warning  'effectsEffectSize' is assigned a value but never used       no-unused-vars
   3884:7   warning  'effectsEffectScale' is assigned a value but never used      no-unused-vars
   3929:7   warning  'effectsEffectPuff' is assigned a value but never used       no-unused-vars
   3957:7   warning  'effectsEffectPulsate' is assigned a value but never used    no-unused-vars
   4007:7   warning  'effectsEffectShake' is assigned a value but never used      no-unused-vars
   4062:7   warning  'effectsEffectSlide' is assigned a value but never used      no-unused-vars
   4127:7   warning  'effect' is already defined                                  no-redeclare
   4133:7   warning  'effectsEffectTransfer' is assigned a value but never used   no-unused-vars
   4209:7   warning  'focusable' is assigned a value but never used               no-unused-vars
   4214:7   warning  'form' is assigned a value but never used                    no-unused-vars
   4234:7   warning  'formResetMixin' is assigned a value but never used          no-unused-vars
   4311:22  warning  Unexpected control character(s) in regular expression: \x1f  no-control-regex
   4369:7   warning  'keycode' is assigned a value but never used                 no-unused-vars
   4402:7   warning  'labels' is assigned a value but never used                  no-unused-vars
   4455:7   warning  'scrollParent' is assigned a value but never used            no-unused-vars
   4492:7   warning  'tabbable' is assigned a value but never used                no-unused-vars
   4516:7   warning  'uniqueId' is assigned a value but never used                no-unused-vars
   4558:7   warning  'widgetsAccordion' is assigned a value but never used        no-unused-vars
   5187:7   warning  'safeActiveElement' is assigned a value but never used       no-unused-vars
   5233:7   warning  'widgetsMenu' is assigned a value but never used             no-unused-vars
   5939:13  warning  Unnecessary escape character: \-                             no-useless-escape
   5939:15  warning  Unnecessary escape character: \[                             no-useless-escape
   5939:30  warning  Unnecessary escape character: \^                             no-useless-escape
   6581:30  warning  Unnecessary escape character: \-                             no-useless-escape
   6581:32  warning  Unnecessary escape character: \[                             no-useless-escape
   6581:47  warning  Unnecessary escape character: \^                             no-useless-escape
   6626:7   warning  'widgetsAutocomplete' is assigned a value but never used     no-unused-vars
   6648:7   warning  'widgetsControlgroup' is assigned a value but never used     no-unused-vars
   7239:7   warning  'widgetsCheckboxradio' is assigned a value but never used    no-unused-vars
   7686:7   warning  'widgetsButton' is assigned a value but never used           no-unused-vars
   7921:51  warning  Unnecessary escape character: \-                             no-useless-escape
   8620:23  warning  Empty block statement                                        no-empty
   9326:18  warning  Unexpected constant condition                                no-constant-condition
   9623:27  warning  Unnecessary escape character: \-                             no-useless-escape
  10293:40  warning  Unnecessary escape character: \-                             no-useless-escape
  10295:32  warning  Unnecessary escape character: \-                             no-useless-escape
  10435:35  warning  Unnecessary escape character: \-                             no-useless-escape
  10438:35  warning  Unnecessary escape character: \-                             no-useless-escape
  10603:7   warning  'widgetsDatepicker' is assigned a value but never used       no-unused-vars
  10606:7   warning  'ie' is assigned a value but never used                      no-unused-vars
  10627:7   warning  'widgetsMouse' is assigned a value but never used            no-unused-vars
  10835:7   warning  'plugin' is assigned a value but never used                  no-unused-vars
  10868:7   warning  'safeBlur' is assigned a value but never used                no-unused-vars
  12169:7   warning  'widgetsDraggable' is assigned a value but never used        no-unused-vars
  13428:7   warning  'widgetsResizable' is assigned a value but never used        no-unused-vars
  14383:7   warning  'widgetsDialog' is assigned a value but never used           no-unused-vars
  14902:7   warning  'widgetsDroppable' is assigned a value but never used        no-unused-vars
  14924:7   warning  'widgetsProgressbar' is assigned a value but never used      no-unused-vars
  15081:7   warning  'widgetsSelectable' is assigned a value but never used       no-unused-vars
  15399:7   warning  'widgetsSelectmenu' is assigned a value but never used       no-unused-vars
  16098:7   warning  'widgetsSlider' is assigned a value but never used           no-unused-vars
  16890:7   warning  'widgetsSortable' is assigned a value but never used         no-unused-vars
  17501:33  warning  Unnecessary escape character: \-                             no-useless-escape
  19078:15  warning  'Globalize' is not defined                                   no-undef
  19089:11  warning  'Globalize' is not defined                                   no-undef
  19209:7   warning  'widgetsSpinner' is assigned a value but never used          no-unused-vars
  19265:25  warning  Empty block statement                                        no-empty
  19268:25  warning  Empty block statement                                        no-empty
  19507:38  warning  Unnecessary escape character: \/                             no-useless-escape
  19507:47  warning  Unnecessary escape character: \[                             no-useless-escape
  19507:51  warning  Unnecessary escape character: \^                             no-useless-escape
  20132:7   warning  'widgetsTabs' is assigned a value but never used             no-unused-vars
  20643:7   warning  'widgetsTooltip' is assigned a value but never used          no-unused-vars

/home/runner/work/exp-disc-type-flywheel-nitk/exp-disc-type-flywheel-nitk/experiment/simulation/js/jquery-ui.min.js
  5:4185    warning  'jQuery' is not defined                                                    no-undef
  5:4352    warning  Empty block statement                                                      no-empty
  5:5584    warning  Do not access Object.prototype method 'hasOwnProperty' from target object  no-prototype-builtins
  5:10572   warning  'jQuery' is not defined                                                    no-undef
  5:10591   warning  't' is defined but never used                                              no-unused-vars
  5:13289   warning  'jQuery' is not defined                                                    no-undef
  5:13308   warning  't' is defined but never used                                              no-unused-vars
  5:31605   warning  'jQuery' is not defined                                                    no-undef
  5:31624   warning  't' is defined but never used                                              no-unused-vars
  5:37411   warning  'jQuery' is not defined                                                    no-undef
  5:37430   warning  't' is defined but never used                                              no-unused-vars
  5:54616   warning  'jQuery' is not defined                                                    no-undef
  5:54635   warning  't' is defined but never used                                              no-unused-vars
  5:58560   warning  'jQuery' is not defined                                                    no-undef
  5:58579   warning  't' is defined but never used                                              no-unused-vars
  5:66334   warning  Unnecessary escape character: \-                                           no-useless-escape
  5:82082   warning  'jQuery' is not defined                                                    no-undef
  5:82090   warning  'jQuery' is not defined                                                    no-undef
  5:82869   warning  Unnecessary escape character: \-                                           no-useless-escape
  5:83062   warning  Unnecessary escape character: \%                                           no-useless-escape
  5:83086   warning  Unnecessary escape character: \%                                           no-useless-escape
  5:83110   warning  Unnecessary escape character: \%                                           no-useless-escape
  5:83525   warning  Unnecessary escape character: \%                                           no-useless-escape
  5:83549   warning  Unnecessary escape character: \%                                           no-useless-escape
  5:87951   warning  Empty block statement                                                      no-empty
  5:88042   warning  Empty block statement                                                      no-empty
  5:88669   warning  'jQuery' is not defined                                                    no-undef
  5:89422   warning  'jQuery' is not defined                                                    no-undef
  5:94864   warning  'jQuery' is not defined                                                    no-undef
  5:94883   warning  't' is defined but never used                                              no-unused-vars
  5:103065  warning  'jQuery' is not defined                                                    no-undef
  5:103084  warning  't' is defined but never used                                              no-unused-vars
  5:110029  warning  Unnecessary escape character: \-                                           no-useless-escape
  5:110031  warning  Unnecessary escape character: \[                                           no-useless-escape
  5:110046  warning  Unnecessary escape character: \^                                           no-useless-escape
  5:110650  warning  'jQuery' is not defined                                                    no-undef
  5:110669  warning  't' is defined but never used                                              no-unused-vars
  5:117665  warning  'jQuery' is not defined                                                    no-undef
  5:121091  warning  Unnecessary escape character: \-                                           no-useless-escape
  5:130083  warning  Empty block statement                                                      no-empty
  5:138773  warning  Unexpected constant condition                                              no-constant-condition
  5:141573  warning  Empty block statement                                                      no-empty
  5:141704  warning  Unnecessary escape character: \-                                           no-useless-escape
  5:150026  warning  Unnecessary escape character: \-                                           no-useless-escape
  5:150075  warning  Unnecessary escape character: \-                                           no-useless-escape
  5:153722  warning  'jQuery' is not defined                                                    no-undef
  5:153741  warning  't' is defined but never used                                              no-unused-vars
  5:164151  warning  'jQuery' is not defined                                                    no-undef
  5:164170  warning  't' is defined but never used                                              no-unused-vars
  5:164972  warning  'jQuery' is not defined                                                    no-undef
  5:164991  warning  't' is defined but never used                                              no-unused-vars
  5:165895  warning  'jQuery' is not defined                                                    no-undef
  5:165914  warning  't' is defined but never used                                              no-unused-vars
  5:166493  warning  'jQuery' is not defined                                                    no-undef
  5:166512  warning  't' is defined but never used                                              no-unused-vars
  5:167170  warning  'jQuery' is not defined                                                    no-undef
  5:167189  warning  't' is defined but never used                                              no-unused-vars
  5:168022  warning  'jQuery' is not defined                                                    no-undef
  5:168041  warning  't' is defined but never used                                              no-unused-vars
  5:168217  warning  'jQuery' is not defined                                                    no-undef
  5:168236  warning  't' is defined but never used                                              no-unused-vars
  5:168927  warning  'jQuery' is not defined                                                    no-undef
  5:168946  warning  't' is defined but never used                                              no-unused-vars
  5:169386  warning  'jQuery' is not defined                                                    no-undef
  5:169405  warning  't' is defined but never used                                              no-unused-vars
  5:169858  warning  'jQuery' is not defined                                                    no-undef
  5:169877  warning  't' is defined but never used                                              no-unused-vars
  5:174076  warning  'jQuery' is not defined                                                    no-undef
  5:174095  warning  't' is defined but never used                                              no-unused-vars
  5:174855  warning  'jQuery' is not defined                                                    no-undef
  5:174874  warning  't' is defined but never used                                              no-unused-vars
  5:175495  warning  'jQuery' is not defined                                                    no-undef
  5:175514  warning  't' is defined but never used                                              no-unused-vars
  5:176024  warning  'jQuery' is not defined                                                    no-undef
  5:176043  warning  't' is defined but never used                                              no-unused-vars
  5:178662  warning  Unnecessary escape character: \-                                           no-useless-escape
  5:178664  warning  Unnecessary escape character: \[                                           no-useless-escape
  5:178679  warning  Unnecessary escape character: \^                                           no-useless-escape
  5:185292  warning  'jQuery' is not defined                                                    no-undef
  5:185911  warning  Unnecessary escape character: \+                                           no-useless-escape
  5:185913  warning  Unnecessary escape character: \-                                           no-useless-escape
  5:191464  warning  'jQuery' is not defined                                                    no-undef
  5:193505  warning  'jQuery' is not defined                                                    no-undef
  5:193524  warning  't' is defined but never used                                              no-unused-vars
  5:203278  warning  'jQuery' is not defined                                                    no-undef
  5:208678  warning  'Globalize' is not defined                                                 no-undef
  5:208836  warning  'Globalize' is not defined                                                 no-undef
  5:210008  warning  'jQuery' is not defined                                                    no-undef
  5:213705  warning  Unnecessary escape character: \/                                           no-useless-escape
  5:213714  warning  Unnecessary escape character: \[                                           no-useless-escape
  5:213718  warning  Unnecessary escape character: \^                                           no-useless-escape
  5:216157  warning  Expected a conditional expression and instead saw an assignment            no-cond-assign
  5:221543  warning  'jQuery' is not defined                                                    no-undef
  5:226205  warning  'jQuery' is not defined                                                    no-undef

/home/runner/work/exp-disc-type-flywheel-nitk/exp-disc-type-flywheel-nitk/experiment/simulation/js/jquery.min.js
  1:1519   warning  Empty block statement                                                      no-empty
  1:6093   warning  Expected a conditional expression and instead saw an assignment            no-cond-assign
  1:7141   warning  Expected a conditional expression and instead saw an assignment            no-cond-assign
  1:7562   warning  Empty block statement                                                      no-empty
  1:7638   warning  Empty block statement                                                      no-empty
  1:8651   warning  Expected a conditional expression and instead saw an assignment            no-cond-assign
  1:10008  warning  Expected a conditional expression and instead saw an assignment            no-cond-assign
  1:11116  warning  Unnecessary escape character: \/                                           no-useless-escape
  1:15261  warning  'ActiveXObject' is not defined                                             no-undef
  1:17795  warning  Empty block statement                                                      no-empty
  1:27398  warning  Empty block statement                                                      no-empty
  1:27718  warning  Expected a conditional expression and instead saw an assignment            no-cond-assign
  1:28140  warning  Expected a conditional expression and instead saw an assignment            no-cond-assign
  1:28499  warning  Expected a conditional expression and instead saw an assignment            no-cond-assign
  1:30610  warning  Expected a conditional expression and instead saw an assignment            no-cond-assign
  2:4821   warning  Empty block statement                                                      no-empty
  2:7463   warning  Empty block statement                                                      no-empty
  2:13288  warning  Expected a conditional expression and instead saw an assignment            no-cond-assign
  2:13304  warning  Expected a conditional expression and instead saw an assignment            no-cond-assign
  2:13793  warning  Expected a conditional expression and instead saw an assignment            no-cond-assign
  2:14025  warning  Empty block statement                                                      no-empty
  2:15171  warning  Expected a conditional expression and instead saw an assignment            no-cond-assign
  2:15264  warning  Expected a conditional expression and instead saw an assignment            no-cond-assign
  2:15324  warning  Expected a conditional expression and instead saw an assignment            no-cond-assign
  2:16527  warning  Expected a conditional expression and instead saw an assignment            no-cond-assign
  2:17050  warning  Expected a conditional expression and instead saw an assignment            no-cond-assign
  2:17164  warning  Expected a conditional expression and instead saw an assignment            no-cond-assign
  2:19349  warning  Unnecessary escape character: \=                                           no-useless-escape
  2:19648  warning  Expected a conditional expression and instead saw an assignment            no-cond-assign
  2:21727  warning  Expected a conditional expression and instead saw an assignment            no-cond-assign
  2:23092  warning  Expected a conditional expression and instead saw an assignment            no-cond-assign
  2:23207  warning  Expected a conditional expression and instead saw an assignment            no-cond-assign
  2:23666  warning  Expected a conditional expression and instead saw an assignment            no-cond-assign
  2:23703  warning  Expected a conditional expression and instead saw an assignment            no-cond-assign
  2:24141  warning  Empty block statement                                                      no-empty
  2:24334  warning  Expected a conditional expression and instead saw an assignment            no-cond-assign
  2:24646  warning  Expected a conditional expression and instead saw an assignment            no-cond-assign
  2:24953  warning  Expected a conditional expression and instead saw an assignment            no-cond-assign
  2:26696  warning  Expected a conditional expression and instead saw an assignment            no-cond-assign
  2:26933  warning  Expected a conditional expression and instead saw an assignment            no-cond-assign
  2:27417  warning  Do not access Object.prototype method 'hasOwnProperty' from target object  no-prototype-builtins
  2:28090  warning  Expected a conditional expression and instead saw an assignment            no-cond-assign
  2:30228  warning  Unnecessary escape character: \[                                           no-useless-escape
  2:30230  warning  Unnecessary escape character: \.                                           no-useless-escape
  3:4704   warning  Empty block statement                                                      no-empty
  3:7719   warning  Expected a conditional expression and instead saw an assignment            no-cond-assign
  3:7844   warning  Expected a conditional expression and instead saw an assignment            no-cond-assign
  3:9957   warning  Empty block statement                                                      no-empty
  3:13978  warning  Unnecessary escape character: \/                                           no-useless-escape
  3:16544  warning  Expected a conditional expression and instead saw an assignment            no-cond-assign
  3:18435  warning  Expected a conditional expression and instead saw an assignment            no-cond-assign
  3:21176  warning  Empty block statement                                                      no-empty
  3:28773  warning  'define' is not defined                                                    no-undef
  3:28785  warning  'define' is not defined                                                    no-undef
  3:28804  warning  'define' is not defined                                                    no-undef

/home/runner/work/exp-disc-type-flywheel-nitk/exp-disc-type-flywheel-nitk/experiment/simulation/js/jquery.ui.touch-punch.js
  174:4  warning  'jQuery' is not defined  no-undef

/home/runner/work/exp-disc-type-flywheel-nitk/exp-disc-type-flywheel-nitk/experiment/simulation/js/jquery.ui.touch-punch.min.js
  81:4  warning  'jQuery' is not defined  no-undef

/home/runner/work/exp-disc-type-flywheel-nitk/exp-disc-type-flywheel-nitk/experiment/simulation/js/script.js
    4:5    warning  'rotstatus' is assigned a value but never used    no-unused-vars
    6:5    warning  'commenttext' is assigned a value but never used  no-unused-vars
    7:5    warning  'commentloc' is assigned a value but never used   no-unused-vars
    9:16   warning  'point' is not defined                            no-undef
   10:17   warning  'point' is not defined                            no-undef
   12:12   warning  'point' is not defined                            no-undef
   13:12   warning  'point' is not defined                            no-undef
   14:12   warning  'point' is not defined                            no-undef
   15:12   warning  'point' is not defined                            no-undef
   16:12   warning  'point' is not defined                            no-undef
   17:12   warning  'point' is not defined                            no-undef
   18:12   warning  'point' is not defined                            no-undef
   19:12   warning  'point' is not defined                            no-undef
   20:12   warning  'point' is not defined                            no-undef
   21:12   warning  'point' is not defined                            no-undef
   22:14   warning  'point' is not defined                            no-undef
   23:14   warning  'point' is not defined                            no-undef
   24:13   warning  'point' is not defined                            no-undef
   25:12   warning  'point' is not defined                            no-undef
   26:13   warning  'point' is not defined                            no-undef
   27:13   warning  'point' is not defined                            no-undef
   28:13   warning  'point' is not defined                            no-undef
   29:13   warning  'point' is not defined                            no-undef
   47:5    warning  'ctx' is defined but never used                   no-unused-vars
   55:1    warning  'ptxdot' is not defined                           no-undef
   56:1    warning  'ptxddot' is not defined                          no-undef
   57:1    warning  'ptxdddot' is not defined                         no-undef
   59:5    warning  'legendCS' is assigned a value but never used     no-unused-vars
   60:5    warning  'quickrefCS' is assigned a value but never used   no-unused-vars
   61:5    warning  'temp' is assigned a value but never used         no-unused-vars
   62:5    warning  'offset' is assigned a value but never used       no-unused-vars
   74:5    warning  'thetad' is assigned a value but never used       no-unused-vars
   79:5    warning  't' is assigned a value but never used            no-unused-vars
   80:5    warning  'dt' is assigned a value but never used           no-unused-vars
   82:5    warning  'omegab' is assigned a value but never used       no-unused-vars
   84:5    warning  'i' is already defined                            no-redeclare
   91:5    warning  'height' is assigned a value but never used       no-unused-vars
   95:5    warning  'rate' is assigned a value but never used         no-unused-vars
  103:10   warning  'editcss' is defined but never used               no-unused-vars
  105:1    warning  '$' is not defined                                no-undef
  108:10   warning  'startsim' is defined but never used              no-unused-vars
  119:10   warning  'validateNumber' is defined but never used        no-unused-vars
  123:10   warning  'simstate' is defined but never used              no-unused-vars
  130:1    warning  Mixed spaces and tabs                             no-mixed-spaces-and-tabs
  140:2    warning  Mixed spaces and tabs                             no-mixed-spaces-and-tabs
  141:2    warning  Mixed spaces and tabs                             no-mixed-spaces-and-tabs
  151:10   warning  'rotstate' is defined but never used              no-unused-vars
  168:10   warning  'varinit' is defined but never used               no-unused-vars
  172:1    warning  '$' is not defined                                no-undef
  173:1    warning  '$' is not defined                                no-undef
  175:1    warning  '$' is not defined                                no-undef
  176:1    warning  '$' is not defined                                no-undef
  183:1    warning  '$' is not defined                                no-undef
  184:1    warning  '$' is not defined                                no-undef
  187:1    warning  '$' is not defined                                no-undef
  187:50   warning  '$' is not defined                                no-undef
  187:108  warning  'ptxdot' is not defined                           no-undef
  187:119  warning  'ptxddot' is not defined                          no-undef
  187:131  warning  'ptxdddot' is not defined                         no-undef
  188:1    warning  '$' is not defined                                no-undef
  188:50   warning  '$' is not defined                                no-undef
  188:106  warning  'ptxdot' is not defined                           no-undef
  188:117  warning  'ptxddot' is not defined                          no-undef
  188:129  warning  'ptxdddot' is not defined                         no-undef
  189:1    warning  '$' is not defined                                no-undef
  192:1    warning  '$' is not defined                                no-undef
  193:1    warning  '$' is not defined                                no-undef
  196:1    warning  '$' is not defined                                no-undef
  196:50   warning  '$' is not defined                                no-undef
  196:108  warning  'ptxdot' is not defined                           no-undef
  196:119  warning  'ptxddot' is not defined                          no-undef
  196:131  warning  'ptxdddot' is not defined                         no-undef
  197:1    warning  '$' is not defined                                no-undef
  197:50   warning  '$' is not defined                                no-undef
  197:106  warning  'ptxdot' is not defined                           no-undef
  197:117  warning  'ptxddot' is not defined                          no-undef
  197:129  warning  'ptxdddot' is not defined                         no-undef
  198:1    warning  '$' is not defined                                no-undef
  207:1    warning  '$' is not defined                                no-undef
  207:31   warning  '$' is not defined                                no-undef
  208:1    warning  '$' is not defined                                no-undef
  208:31   warning  '$' is not defined                                no-undef
  211:9    warning  '$' is not defined                                no-undef
  212:5    warning  '$' is not defined                                no-undef
  218:1    warning  'Ival' is not defined                             no-undef
  221:1    warning  '$' is not defined                                no-undef
  222:1    warning  '$' is not defined                                no-undef
  223:1    warning  '$' is not defined                                no-undef
  225:1    warning  '$' is not defined                                no-undef
  226:1    warning  '$' is not defined                                no-undef
  227:1    warning  '$' is not defined                                no-undef
  228:1    warning  '$' is not defined                                no-undef
  229:1    warning  '$' is not defined                                no-undef
  230:1    warning  '$' is not defined                                no-undef
  265:9    warning  '$' is not defined                                no-undef
  266:5    warning  '$' is not defined                                no-undef
  267:1    warning  '$' is not defined                                no-undef
  268:1    warning  '$' is not defined                                no-undef
  269:1    warning  '$' is not defined                                no-undef
  270:1    warning  '$' is not defined                                no-undef
  273:52   warning  'Ival' is not defined                             no-undef
  274:43   warning  'Ival' is not defined                             no-undef
  274:99   warning  'Ival' is not defined                             no-undef
  278:13   warning  'deg' is not defined                              no-undef
  291:49   warning  'Ival' is not defined                             no-undef
  292:22   warning  'Ival' is not defined                             no-undef
  292:64   warning  'Ival' is not defined                             no-undef
  300:3    warning  '$' is not defined                                no-undef
  301:3    warning  '$' is not defined                                no-undef
  302:3    warning  '$' is not defined                                no-undef
  304:3    warning  '$' is not defined                                no-undef
  305:3    warning  '$' is not defined                                no-undef
  314:13   warning  'deg' is not defined                              no-undef
  321:31   warning  'rad' is not defined                              no-undef
  322:31   warning  'rad' is not defined                              no-undef
  332:31   warning  'rad' is not defined                              no-undef
  334:31   warning  'rad' is not defined                              no-undef
  369:10   warning  'perror' is defined but never used                no-unused-vars
  376:1    warning  'Ival' is not defined                             no-undef
  376:20   warning  'Ival' is not defined                             no-undef
  378:14   warning  'Ival' is not defined                             no-undef
  378:24   warning  'Ival' is not defined                             no-undef
  385:170  warning  'Ival' is not defined                             no-undef
  396:3    warning  'pointtrans' is not defined                       no-undef
  397:3    warning  'pointtrans' is not defined                       no-undef
  399:3    warning  'pointtrans' is not defined                       no-undef
  400:3    warning  'pointtrans' is not defined                       no-undef
  401:3    warning  'pointtrans' is not defined                       no-undef
  402:3    warning  'pointtrans' is not defined                       no-undef
  403:3    warning  'pointtrans' is not defined                       no-undef
  404:3    warning  'pointtrans' is not defined                       no-undef
  405:3    warning  'pointtrans' is not defined                       no-undef
  406:3    warning  'pointtrans' is not defined                       no-undef
  407:3    warning  'pointtrans' is not defined                       no-undef
  437:3    warning  'pointjoin' is not defined                        no-undef
  440:3    warning  'pointjoin' is not defined                        no-undef
  444:3    warning  'pointjoin' is not defined                        no-undef
  446:3    warning  'pointjoin' is not defined                        no-undef
  447:3    warning  'pointjoin' is not defined                        no-undef
  448:3    warning  'pointjoin' is not defined                        no-undef
  449:3    warning  'pointjoin' is not defined                        no-undef
  450:3    warning  'pointjoin' is not defined                        no-undef
  451:3    warning  'pointjoin' is not defined                        no-undef
  452:3    warning  'pointjoin' is not defined                        no-undef
  453:3    warning  'pointjoin' is not defined                        no-undef
  454:3    warning  'pointdisp' is not defined                        no-undef
  458:3    warning  'pointjoin' is not defined                        no-undef
  460:3    warning  'pointdisp' is not defined                        no-undef
  462:2    warning  Mixed spaces and tabs                             no-mixed-spaces-and-tabs
  485:10   warning  'showTitle' is defined but never used             no-unused-vars
  485:24   warning  'idd' is defined but never used                   no-unused-vars
  485:28   warning  'text' is defined but never used                  no-unused-vars
  503:23   warning  'commenttext' is defined but never used           no-unused-vars
  503:35   warning  'commentloc' is defined but never used            no-unused-vars

✖ 416 problems (1 error, 415 warnings)

